[2021-06-24 01:58:02.900] [exthost] [info] extension host started
[2021-06-24 01:58:03.063] [exthost] [info] ExtensionService#_doActivateExtension vscode.debug-auto-launch {"startup":true,"extensionId":{"value":"vscode.debug-auto-launch","_lower":"vscode.debug-auto-launch"},"activationEvent":"*"}
[2021-06-24 01:58:03.068] [exthost] [info] ExtensionService#loadCommonJSModule file:///home/ubuntu/.vscode-server/bin/507ce72a4466fbb27b715c3722558bb15afa9f48/extensions/debug-auto-launch/dist/extension
[2021-06-24 01:58:03.086] [exthost] [info] ExtensionService#_doActivateExtension vscode.git {"startup":true,"extensionId":{"value":"vscode.github","_lower":"vscode.github"},"activationEvent":"*"}
[2021-06-24 01:58:03.087] [exthost] [info] ExtensionService#loadCommonJSModule file:///home/ubuntu/.vscode-server/bin/507ce72a4466fbb27b715c3722558bb15afa9f48/extensions/git/dist/main
[2021-06-24 01:58:03.543] [exthost] [info] ExtensionService#_doActivateExtension vscode.github {"startup":true,"extensionId":{"value":"vscode.github","_lower":"vscode.github"},"activationEvent":"*"}
[2021-06-24 01:58:03.543] [exthost] [info] ExtensionService#loadCommonJSModule file:///home/ubuntu/.vscode-server/bin/507ce72a4466fbb27b715c3722558bb15afa9f48/extensions/github/dist/extension.js
[2021-06-24 01:58:03.703] [exthost] [info] ExtensionService#_doActivateExtension ms-vscode.js-debug {"startup":false,"extensionId":{"value":"ms-vscode.js-debug","_lower":"ms-vscode.js-debug"},"activationEvent":"onCommand:extension.js-debug.clearAutoAttachVariables"}
[2021-06-24 01:58:03.704] [exthost] [info] ExtensionService#loadCommonJSModule file:///home/ubuntu/.vscode-server/bin/507ce72a4466fbb27b715c3722558bb15afa9f48/extensions/ms-vscode.js-debug/src/extension.js
[2021-06-24 01:58:04.535] [exthost] [info] ExtensionService#_doActivateExtension vscode.emmet {"startup":false,"extensionId":{"value":"vscode.emmet","_lower":"vscode.emmet"},"activationEvent":"onStartupFinished"}
[2021-06-24 01:58:04.535] [exthost] [info] ExtensionService#loadCommonJSModule file:///home/ubuntu/.vscode-server/bin/507ce72a4466fbb27b715c3722558bb15afa9f48/extensions/emmet/dist/node/emmetNodeMain
[2021-06-24 01:58:04.625] [exthost] [info] ExtensionService#_doActivateExtension vscode.merge-conflict {"startup":false,"extensionId":{"value":"vscode.merge-conflict","_lower":"vscode.merge-conflict"},"activationEvent":"onStartupFinished"}
[2021-06-24 01:58:04.625] [exthost] [info] ExtensionService#loadCommonJSModule file:///home/ubuntu/.vscode-server/bin/507ce72a4466fbb27b715c3722558bb15afa9f48/extensions/merge-conflict/dist/mergeConflictMain
[2021-06-24 01:58:04.650] [exthost] [info] ExtensionService#_doActivateExtension vscode.testing-editor-contributions {"startup":false,"extensionId":{"value":"vscode.testing-editor-contributions","_lower":"vscode.testing-editor-contributions"},"activationEvent":"onStartupFinished"}
[2021-06-24 01:58:04.650] [exthost] [info] ExtensionService#loadCommonJSModule file:///home/ubuntu/.vscode-server/bin/507ce72a4466fbb27b715c3722558bb15afa9f48/extensions/testing-editor-contributions/dist/extension.js
[2021-06-24 01:58:04.653] [exthost] [info] eager extensions activated
[2021-06-24 01:58:14.588] [exthost] [info] ExtensionService#_doActivateExtension vscode.extension-editing {"startup":false,"extensionId":{"value":"vscode.extension-editing","_lower":"vscode.extension-editing"},"activationEvent":"onLanguage:markdown"}
[2021-06-24 01:58:14.589] [exthost] [info] ExtensionService#loadCommonJSModule file:///home/ubuntu/.vscode-server/bin/507ce72a4466fbb27b715c3722558bb15afa9f48/extensions/extension-editing/dist/extensionEditingMain
[2021-06-24 01:58:14.609] [exthost] [info] ExtensionService#_doActivateExtension vscode.markdown-language-features {"startup":false,"extensionId":{"value":"vscode.markdown-language-features","_lower":"vscode.markdown-language-features"},"activationEvent":"onLanguage:markdown"}
[2021-06-24 01:58:14.610] [exthost] [info] ExtensionService#loadCommonJSModule file:///home/ubuntu/.vscode-server/bin/507ce72a4466fbb27b715c3722558bb15afa9f48/extensions/markdown-language-features/dist/extension
[2021-06-24 02:39:50.178] [exthost] [info] extension host terminating: received terminate message from renderer
[2021-06-24 02:39:51.206] [exthost] [info] exiting with code 0
