[2021-06-30 06:43:55.508] [exthost] [info] extension host started
[2021-06-30 06:43:56.801] [exthost] [info] ExtensionService#_doActivateExtension vscode.php-language-features {"startup":false,"extensionId":{"value":"vscode.php-language-features","_lower":"vscode.php-language-features"},"activationEvent":"onLanguage:php"}
[2021-06-30 06:43:56.801] [exthost] [info] ExtensionService#loadCommonJSModule file:///home/ubuntu/.vscode-server/bin/507ce72a4466fbb27b715c3722558bb15afa9f48/extensions/php-language-features/dist/phpMain
[2021-06-30 06:43:56.820] [exthost] [info] ExtensionService#_doActivateExtension vscode.debug-auto-launch {"startup":true,"extensionId":{"value":"vscode.debug-auto-launch","_lower":"vscode.debug-auto-launch"},"activationEvent":"*"}
[2021-06-30 06:43:56.820] [exthost] [info] ExtensionService#loadCommonJSModule file:///home/ubuntu/.vscode-server/bin/507ce72a4466fbb27b715c3722558bb15afa9f48/extensions/debug-auto-launch/dist/extension
[2021-06-30 06:43:56.828] [exthost] [info] ExtensionService#_doActivateExtension vscode.git {"startup":true,"extensionId":{"value":"vscode.github","_lower":"vscode.github"},"activationEvent":"*"}
[2021-06-30 06:43:56.828] [exthost] [info] ExtensionService#loadCommonJSModule file:///home/ubuntu/.vscode-server/bin/507ce72a4466fbb27b715c3722558bb15afa9f48/extensions/git/dist/main
[2021-06-30 06:43:58.747] [exthost] [info] ExtensionService#_doActivateExtension vscode.github {"startup":true,"extensionId":{"value":"vscode.github","_lower":"vscode.github"},"activationEvent":"*"}
[2021-06-30 06:43:58.747] [exthost] [info] ExtensionService#loadCommonJSModule file:///home/ubuntu/.vscode-server/bin/507ce72a4466fbb27b715c3722558bb15afa9f48/extensions/github/dist/extension.js
[2021-06-30 06:43:59.104] [exthost] [info] ExtensionService#_doActivateExtension vscode.emmet {"startup":false,"extensionId":{"value":"vscode.emmet","_lower":"vscode.emmet"},"activationEvent":"onStartupFinished"}
[2021-06-30 06:43:59.104] [exthost] [info] ExtensionService#loadCommonJSModule file:///home/ubuntu/.vscode-server/bin/507ce72a4466fbb27b715c3722558bb15afa9f48/extensions/emmet/dist/node/emmetNodeMain
[2021-06-30 06:43:59.140] [exthost] [info] ExtensionService#_doActivateExtension vscode.merge-conflict {"startup":false,"extensionId":{"value":"vscode.merge-conflict","_lower":"vscode.merge-conflict"},"activationEvent":"onStartupFinished"}
[2021-06-30 06:43:59.140] [exthost] [info] ExtensionService#loadCommonJSModule file:///home/ubuntu/.vscode-server/bin/507ce72a4466fbb27b715c3722558bb15afa9f48/extensions/merge-conflict/dist/mergeConflictMain
[2021-06-30 06:43:59.147] [exthost] [info] ExtensionService#_doActivateExtension vscode.testing-editor-contributions {"startup":false,"extensionId":{"value":"vscode.testing-editor-contributions","_lower":"vscode.testing-editor-contributions"},"activationEvent":"onStartupFinished"}
[2021-06-30 06:43:59.147] [exthost] [info] ExtensionService#loadCommonJSModule file:///home/ubuntu/.vscode-server/bin/507ce72a4466fbb27b715c3722558bb15afa9f48/extensions/testing-editor-contributions/dist/extension.js
[2021-06-30 06:43:59.149] [exthost] [info] eager extensions activated
[2021-06-30 06:43:59.400] [exthost] [info] ExtensionService#_doActivateExtension ms-vscode.js-debug {"startup":false,"extensionId":{"value":"ms-vscode.js-debug","_lower":"ms-vscode.js-debug"},"activationEvent":"onCommand:extension.js-debug.clearAutoAttachVariables"}
[2021-06-30 06:43:59.400] [exthost] [info] ExtensionService#loadCommonJSModule file:///home/ubuntu/.vscode-server/bin/507ce72a4466fbb27b715c3722558bb15afa9f48/extensions/ms-vscode.js-debug/src/extension.js
[2021-06-30 09:16:20.512] [exthost] [info] extension host terminating: renderer disconnected for too long (2)
[2021-06-30 09:16:20.534] [exthost] [error] Canceled: Canceled
	at Object.s [as canceled] (/home/ubuntu/.vscode-server/bin/507ce72a4466fbb27b715c3722558bb15afa9f48/out/vs/server/remoteExtensionHostProcess.js:5:1157)
	at d._remoteCall (/home/ubuntu/.vscode-server/bin/507ce72a4466fbb27b715c3722558bb15afa9f48/out/vs/server/remoteExtensionHostProcess.js:88:12889)
	at Proxy.w.<computed>.y.charCodeAt.w.<computed> (/home/ubuntu/.vscode-server/bin/507ce72a4466fbb27b715c3722558bb15afa9f48/out/vs/server/remoteExtensionHostProcess.js:88:9409)
	at A.showMessage (/home/ubuntu/.vscode-server/bin/507ce72a4466fbb27b715c3722558bb15afa9f48/out/vs/server/remoteExtensionHostProcess.js:84:199065)
	at Object.showErrorMessage (/home/ubuntu/.vscode-server/bin/507ce72a4466fbb27b715c3722558bb15afa9f48/out/vs/server/remoteExtensionHostProcess.js:93:29274)
	at /home/ubuntu/.vscode-server/bin/507ce72a4466fbb27b715c3722558bb15afa9f48/extensions/git/dist/main.js:10:457588
	at processTicksAndRejections (internal/process/task_queues.js:93:5)
	at async _executeContributedCommand (/home/ubuntu/.vscode-server/bin/507ce72a4466fbb27b715c3722558bb15afa9f48/out/vs/server/remoteExtensionHostProcess.js:84:108083) git.refresh
[2021-06-30 09:16:21.528] [exthost] [info] exiting with code 0
