Looking for git in: git
Using git 2.25.1 from git
> git rev-parse --git-dir
Open repository: /home/ubuntu
> git status -z -u
> git check-ignore -v -z --stdin
> git add -A -- .
fatal: Unable to create '/home/ubuntu/.git/index.lock': Permission denied
> git log --format=%H%n%aN%n%aE%n%at%n%ct%n%P%n%B -z -n21 -- /home/ubuntu/www/login/login.php
fatal: your current branch 'master' does not have any commits yet
> git check-ignore -v -z --stdin
> git check-ignore -v -z --stdin
> git add -A -- .
fatal: Unable to create '/home/ubuntu/.git/index.lock': Permission denied
> git add -A -- .
fatal: Unable to create '/home/ubuntu/.git/index.lock': Permission denied
> git log --format=%H%n%aN%n%aE%n%at%n%ct%n%P%n%B -z -n21 -- /home/ubuntu/www/login/login.php
fatal: your current branch 'master' does not have any commits yet
> git add -A -- .
fatal: Unable to create '/home/ubuntu/.git/index.lock': Permission denied
> git log --format=%H%n%aN%n%aE%n%at%n%ct%n%P%n%B -z -n21 -- /home/ubuntu/www/login/login.php
fatal: your current branch 'master' does not have any commits yet
> git add -A -- .
fatal: Unable to create '/home/ubuntu/.git/index.lock': Permission denied
> git add -A -- .
error: insufficient permission for adding an object to repository database .git/objects
error: .bash_history: failed to insert into database
error: unable to index file '.bash_history'
fatal: adding files failed
> git add -A -- .
fatal: Unable to create '/home/ubuntu/.git/index.lock': Permission denied
> git add -A -- .
fatal: Unable to create '/home/ubuntu/.git/index.lock': Permission denied
> git add -A -- .
fatal: Unable to create '/home/ubuntu/.git/index.lock': Permission denied
> git add -A -- .
warning: adding embedded git repository: BasketballScoreBook
hint: You've added another git repository inside your current repository.
hint: Clones of the outer repository will not contain the contents of
hint: the embedded repository and will not know how to obtain it.
hint: If you meant to add a submodule, use:
hint: 
hint: 	git submodule add <url> BasketballScoreBook
hint: 
hint: If you added this path by mistake, you can remove it from the
hint: index with:
hint: 
hint: 	git rm --cached BasketballScoreBook
hint: 
hint: See "git help submodule" for more information.
error: open("id_rsa.pub"): Permission denied
error: unable to index file 'id_rsa.pub'
fatal: adding files failed
> git add -A -- .
warning: adding embedded git repository: BasketballScoreBook
hint: You've added another git repository inside your current repository.
hint: Clones of the outer repository will not contain the contents of
hint: the embedded repository and will not know how to obtain it.
hint: If you meant to add a submodule, use:
hint: 
hint: 	git submodule add <url> BasketballScoreBook
hint: 
hint: If you added this path by mistake, you can remove it from the
hint: index with:
hint: 
hint: 	git rm --cached BasketballScoreBook
hint: 
hint: See "git help submodule" for more information.
error: open("id_rsa.pub"): Permission denied
error: unable to index file 'id_rsa.pub'
fatal: adding files failed
> git add -A -- .
warning: adding embedded git repository: BasketballScoreBook
hint: You've added another git repository inside your current repository.
hint: Clones of the outer repository will not contain the contents of
hint: the embedded repository and will not know how to obtain it.
hint: If you meant to add a submodule, use:
hint: 
hint: 	git submodule add <url> BasketballScoreBook
hint: 
hint: If you added this path by mistake, you can remove it from the
hint: index with:
hint: 
hint: 	git rm --cached BasketballScoreBook
hint: 
hint: See "git help submodule" for more information.
error: open("id_rsa.pub"): Permission denied
error: unable to index file 'id_rsa.pub'
fatal: adding files failed
Opening repository for path='/home/ubuntu/www' failed; ex=Canceled: Canceled
Open repository: /home/ubuntu/www
